running egg_info
creating ../../build/python_pkg/python_pkg.egg-info
writing ../../build/python_pkg/python_pkg.egg-info/PKG-INFO
writing dependency_links to ../../build/python_pkg/python_pkg.egg-info/dependency_links.txt
writing entry points to ../../build/python_pkg/python_pkg.egg-info/entry_points.txt
writing requirements to ../../build/python_pkg/python_pkg.egg-info/requires.txt
writing top-level names to ../../build/python_pkg/python_pkg.egg-info/top_level.txt
writing manifest file '../../build/python_pkg/python_pkg.egg-info/SOURCES.txt'
reading manifest file '../../build/python_pkg/python_pkg.egg-info/SOURCES.txt'
writing manifest file '../../build/python_pkg/python_pkg.egg-info/SOURCES.txt'
running build
running build_py
creating /root/ros2_experiments/build/python_pkg/build
creating /root/ros2_experiments/build/python_pkg/build/lib
creating /root/ros2_experiments/build/python_pkg/build/lib/python_pkg
copying python_pkg/__init__.py -> /root/ros2_experiments/build/python_pkg/build/lib/python_pkg
running install
running install_lib
creating /root/ros2_experiments/install/python_pkg/lib/python3.8/site-packages/python_pkg
copying /root/ros2_experiments/build/python_pkg/build/lib/python_pkg/__init__.py -> /root/ros2_experiments/install/python_pkg/lib/python3.8/site-packages/python_pkg
byte-compiling /root/ros2_experiments/install/python_pkg/lib/python3.8/site-packages/python_pkg/__init__.py to __init__.cpython-38.pyc
running install_data
creating /root/ros2_experiments/install/python_pkg/share/ament_index
creating /root/ros2_experiments/install/python_pkg/share/ament_index/resource_index
creating /root/ros2_experiments/install/python_pkg/share/ament_index/resource_index/packages
copying resource/python_pkg -> /root/ros2_experiments/install/python_pkg/share/ament_index/resource_index/packages
copying package.xml -> /root/ros2_experiments/install/python_pkg/share/python_pkg
running install_egg_info
Copying ../../build/python_pkg/python_pkg.egg-info to /root/ros2_experiments/install/python_pkg/lib/python3.8/site-packages/python_pkg-0.0.0-py3.8.egg-info
running install_scripts
writing list of installed files to '/root/ros2_experiments/build/python_pkg/install.log'
