[1.768s] Invoking command in '/root/ros2_experiments/src/python_pkg': PYTHONPATH=/root/ros2_experiments/install/python_pkg/lib/python3.8/site-packages:${PYTHONPATH} /usr/bin/python3 setup.py egg_info --egg-base ../../build/python_pkg build --build-base /root/ros2_experiments/build/python_pkg/build install --prefix /root/ros2_experiments/install/python_pkg --record /root/ros2_experiments/build/python_pkg/install.log --single-version-externally-managed
[2.577s] running egg_info
[2.577s] creating ../../build/python_pkg/python_pkg.egg-info
[2.577s] writing ../../build/python_pkg/python_pkg.egg-info/PKG-INFO
[2.578s] writing dependency_links to ../../build/python_pkg/python_pkg.egg-info/dependency_links.txt
[2.578s] writing entry points to ../../build/python_pkg/python_pkg.egg-info/entry_points.txt
[2.578s] writing requirements to ../../build/python_pkg/python_pkg.egg-info/requires.txt
[2.578s] writing top-level names to ../../build/python_pkg/python_pkg.egg-info/top_level.txt
[2.581s] writing manifest file '../../build/python_pkg/python_pkg.egg-info/SOURCES.txt'
[2.631s] reading manifest file '../../build/python_pkg/python_pkg.egg-info/SOURCES.txt'
[2.632s] writing manifest file '../../build/python_pkg/python_pkg.egg-info/SOURCES.txt'
[2.632s] running build
[2.632s] running build_py
[2.632s] creating /root/ros2_experiments/build/python_pkg/build
[2.632s] creating /root/ros2_experiments/build/python_pkg/build/lib
[2.632s] creating /root/ros2_experiments/build/python_pkg/build/lib/python_pkg
[2.632s] copying python_pkg/__init__.py -> /root/ros2_experiments/build/python_pkg/build/lib/python_pkg
[2.632s] running install
[2.635s] running install_lib
[2.637s] creating /root/ros2_experiments/install/python_pkg/lib/python3.8/site-packages/python_pkg
[2.637s] copying /root/ros2_experiments/build/python_pkg/build/lib/python_pkg/__init__.py -> /root/ros2_experiments/install/python_pkg/lib/python3.8/site-packages/python_pkg
[2.639s] byte-compiling /root/ros2_experiments/install/python_pkg/lib/python3.8/site-packages/python_pkg/__init__.py to __init__.cpython-38.pyc
[2.641s] running install_data
[2.641s] creating /root/ros2_experiments/install/python_pkg/share/ament_index
[2.642s] creating /root/ros2_experiments/install/python_pkg/share/ament_index/resource_index
[2.642s] creating /root/ros2_experiments/install/python_pkg/share/ament_index/resource_index/packages
[2.642s] copying resource/python_pkg -> /root/ros2_experiments/install/python_pkg/share/ament_index/resource_index/packages
[2.642s] copying package.xml -> /root/ros2_experiments/install/python_pkg/share/python_pkg
[2.642s] running install_egg_info
[2.646s] Copying ../../build/python_pkg/python_pkg.egg-info to /root/ros2_experiments/install/python_pkg/lib/python3.8/site-packages/python_pkg-0.0.0-py3.8.egg-info
[2.647s] running install_scripts
[2.681s] writing list of installed files to '/root/ros2_experiments/build/python_pkg/install.log'
[2.708s] Invoked command in '/root/ros2_experiments/src/python_pkg' returned '0': PYTHONPATH=/root/ros2_experiments/install/python_pkg/lib/python3.8/site-packages:${PYTHONPATH} /usr/bin/python3 setup.py egg_info --egg-base ../../build/python_pkg build --build-base /root/ros2_experiments/build/python_pkg/build install --prefix /root/ros2_experiments/install/python_pkg --record /root/ros2_experiments/build/python_pkg/install.log --single-version-externally-managed
